#
# There is insufficient memory for the Java Runtime Environment to continue.
# Native memory allocation (malloc) failed to allocate 1392528 bytes for Chunk::new
# Possible reasons:
#   The system is out of physical RAM or swap space
#   The process is running with CompressedOops enabled, and the Java Heap may be blocking the growth of the native heap
# Possible solutions:
#   Reduce memory load on the system
#   Increase physical memory or swap space
#   Check if swap backing store is full
#   Decrease Java heap size (-Xmx/-Xms)
#   Decrease number of Java threads
#   Decrease Java thread stack sizes (-Xss)
#   Set larger code cache with -XX:ReservedCodeCacheSize=
#   JVM is running with Unscaled Compressed Oops mode in which the Java heap is
#     placed in the first 4GB address space. The Java Heap base address is the
#     maximum limit for the native heap growth. Please use -XX:HeapBaseMinAddress
#     to set the Java Heap base and to place the Java Heap above 4GB virtual address.
# This output file may be truncated or incomplete.
#
#  Out of Memory Error (arena.cpp:189), pid=65516, tid=66284
#
# JRE version: Java(TM) SE Runtime Environment (17.0.8+9) (build 17.0.8+9-LTS-211)
# Java VM: Java HotSpot(TM) 64-Bit Server VM (17.0.8+9-LTS-211, mixed mode, sharing, tiered, compressed oops, compressed class ptrs, g1 gc, windows-amd64)
# No core dump will be written. Minidumps are not enabled by default on client versions of Windows
#

---------------  S U M M A R Y ------------

Command Line: C:\Users\LENOVO\AppData\Local\Temp\surefire13381367371256123063\surefirebooter-20250718133419186_3.jar C:\Users\LENOVO\AppData\Local\Temp\surefire13381367371256123063 2025-07-18T13-34-18_949-jvmRun1 surefire-20250718133419186_1tmp surefire_0-20250718133419186_2tmp

Host: 11th Gen Intel(R) Core(TM) i5-1135G7 @ 2.40GHz, 8 cores, 7G,  Windows 10 , 64 bit Build 19041 (10.0.19041.5915)
Time: Fri Jul 18 13:34:24 2025 Paris, Madrid (heure duild 19041 (10.0.19041.5915) elapsed time: 4.856354 seconds (0d 0h 0m 4s)

---------------  T H R E A D  ---------------

Current thread (0x000001eff76239f0):  JavaThread "C2 CompilerThread1" daemon [_thread_in_native, id=66284, stack(0x000000c57b000000,0x000000c57b100000)]


Current CompileTask:
C2:   4856 3839       4       groovyjarjarantlr4.v4.runtime.atn.PredictionContext::join (569 bytes)

Stack: [0x000000c57b000000,0x000000c57b100000]
Native frames: (J=compiled Java code, j=interpreted, Vv=VM code, C=native code)
V  [jvm.dll+0x677d0a]
V  [jvm.dll+0x7d8c54]
V  [jvm.dll+0x7da3fe]
V  [jvm.dll+0x7daa63]
V  [jvm.dll+0x245c5f]
V  [jvm.dll+0xaaa6b]
V  [jvm.dll+0xab00c]
V  [jvm.dll+0x361e8e]
V  [jvm.dll+0x1bb87a]
V  [jvm.dll+0x218157]
V  [jvm.dll+0x217431]
V  [jvm.dll+0x1a3af0]
V  [jvm.dll+0x2270be]
V  [jvm.dll+0x22535b]
V  [jvm.dll+0x78e7bc]
V  [jvm.dll+0x788bba]
V  [jvm.dll+0x676b35]
C  [ucrtbase.dll+0x21bb2]
C  [KERNEL32.DLL+0x17374]
C  [ntdll.dll+0x4cc91]


---------------  P R O C E S S  ---------------

Threads class SMR info:
_java_thread_list=0x000001eff8698cd0, length=23, elements={
0x000001ef930687d0, 0x000001efb109d370, 0x000001efb109dd20, 0x000001efb10b2b70,
0x000001efb10b5140, 0x000001efb10b7710, 0x000001efb10b8a80, 0x000001efb10ba5e0,
0x000001efb10bbbd0, 0x000001efb10bc5e0, 0x000001efb1327180, 0x000001efb1327e70,
0x000001efb152e660, 0x000001efb1449ee0, 0x000001eff74bbef0, 0x000001eff754a9f0,
0x000001eff76239f0, 0x000001eff7bb72b0, 0x000001eff78a0010, 0x000001eff7078ed0,
0x000001eff707abb0, 0x000001eff707a210, 0x000001eff70793a0
}

Java Threads: ( => current thread )
  0x000001ef930687d0 JavaThread "main" [_thread_in_Java, id=66256, stack(0x000000c578f00000,0x000000c579000000)]
  0x000001efb109d370 JavaThread "Reference Handler" daemon [_thread_blocked, id=6576, stack(0x000000c579600000,0x000000c579700000)]
  0x000001efb109dd20 JavaThread "Finalizer" daemon [_thread_blocked, id=60648, stack(0x000000c579700000,0x000000c579800000)]
  0x000001efb10b2b70 JavaThread "Signal Dispatcher" daemon [_thread_blocked, id=52412, stack(0x000000c579800000,0x000000c579900000)]
  0x000001efb10b5140 JavaThread "Attach Listener" daemon [_thread_blocked, id=64372, stack(0x000000c579900000,0x000000c579a00000)]
  0x000001efb10b7710 JavaThread "Service Thread" daemon [_thread_blocked, id=58128, stack(0x000000c579a00000,0x000000c579b00000)]
  0x000001efb10b8a80 JavaThread "Monitor Deflation Thread" daemon [_thread_blocked, id=67364, stack(0x000000c579b00000,0x000000c579c00000)]
  0x000001efb10ba5e0 JavaThread "C2 CompilerThread0" daemon [_thread_in_native, id=43996, stack(0x000000c579c00000,0x000000c579d00000)]
  0x000001efb10bbbd0 JavaThread "C1 CompilerThread0" daemon [_thread_in_native, id=54688, stack(0x000000c579d00000,0x000000c579e00000)]
  0x000001efb10bc5e0 JavaThread "Sweeper thread" daemon [_thread_blocked, id=63448, stack(0x000000c579e00000,0x000000c579f00000)]
  0x000001efb1327180 JavaThread "Notification Thread" daemon [_thread_blocked, id=63032, stack(0x000000c579f00000,0x000000c57a000000)]
  0x000001efb1327e70 JavaThread "Common-Cleaner" daemon [_thread_blocked, id=55012, stack(0x000000c57a100000,0x000000c57a200000)]
  0x000001efb152e660 JavaThread "surefire-forkedjvm-stream-flusher" daemon [_thread_blocked, id=50344, stack(0x000000c57a200000,0x000000c57a300000)]
  0x000001efb1449ee0 JavaThread "surefire-forkedjvm-command-thread" daemon [_thread_in_native, id=15256, stack(0x000000c57a300000,0x000000c57a400000)]
  0x000001eff74bbef0 JavaThread "ForkJoinPool.commonPool-worker-1" daemon [_thread_blocked, id=66504, stack(0x000000c57ad00000,0x000000c57ae00000)]
  0x000001eff754a9f0 JavaThread "ForkJoinPool.commonPool-worker-2" daemon [_thread_blocked, id=64448, stack(0x000000c57ae00000,0x000000c57af00000)]
=>0x000001eff76239f0 JavaThread "C2 CompilerThread1" daemon [_thread_in_native, id=66284, stack(0x000000c57b000000,0x000000c57b100000)]
  0x000001eff7bb72b0 JavaThread "pool-2-thread-1" daemon [_thread_blocked, id=62524, stack(0x000000c57b100000,0x000000c57b200000)]
  0x000001eff78a0010 JavaThread "pool-2-thread-2" daemon [_thread_blocked, id=57600, stack(0x000000c57b200000,0x000000c57b300000)]
  0x000001eff7078ed0 JavaThread "pool-2-thread-3" daemon [_thread_blocked, id=13812, stack(0x000000c57b300000,0x000000c57b400000)]
  0x000001eff707abb0 JavaThread "pool-2-thread-4" daemon [_thread_blocked, id=56640, stack(0x000000c57b400000,0x000000c57b500000)]
  0x000001eff707a210 JavaThread "pool-2-thread-5" daemon [_thread_blocked, id=56784, stack(0x000000c57b500000,0x000000c57b600000)]
  0x000001eff70793a0 JavaThread "pool-2-thread-6" daemon [_thread_blocked, id=28792, stack(0x000000c57b600000,0x000000c57b700000)]

Other Threads:
  0x000001efb1098230 VMThread "VM Thread" [stack: 0x000000c579500000,0x000000c579600000] [id=59596]
  0x000001ef930daf90 WatcherThread [stack: 0x000000c57a000000,0x000000c57a100000] [id=56216]
  0x000001ef930c1f70 GCTaskThread "GC Thread#0" [stack: 0x000000c579000000,0x000000c579100000] [id=59452]
  0x000001efb1a01760 GCTaskThread "GC Thread#1" [stack: 0x000000c57a400000,0x000000c57a500000] [id=66616]
  0x000001efb1cad910 GCTaskThread "GC Thread#2" [stack: 0x000000c57a500000,0x000000c57a600000] [id=60544]
  0x000001efb1df8530 GCTaskThread "GC Thread#3" [stack: 0x000000c57a600000,0x000000c57a700000] [id=22500]
  0x000001efb1cadbc0 GCTaskThread "GC Thread#4" [stack: 0x000000c57a700000,0x000000c57a800000] [id=45168]
  0x000001efb1ca30e0 GCTaskThread "GC Thread#5" [stack: 0x000000c57a800000,0x000000c57a900000] [id=49212]
  0x000001efb1ca3390 GCTaskThread "GC Thread#6" [stack: 0x000000c57a900000,0x000000c57aa00000] [id=51096]
  0x000001efb1ca3640 GCTaskThread "GC Thread#7" [stack: 0x000000c57aa00000,0x000000c57ab00000] [id=56212]
  0x000001ef930d3780 ConcurrentGCThread "G1 Main Marker" [stack: 0x000000c579100000,0x000000c579200000] [id=65856]
  0x000001ef930d4090 ConcurrentGCThread "G1 Conc#0" [stack: 0x000000c579200000,0x000000c579300000] [id=51624]
  0x000001eff701e9b0 ConcurrentGCThread "G1 Conc#1" [stack: 0x000000c57af00000,0x000000c57b000000] [id=67312]
  0x000001ef9313e970 ConcurrentGCThread "G1 Refine#0" [stack: 0x000000c579300000,0x000000c579400000] [id=62752]
  0x000001efb13e8ba0 ConcurrentGCThread "G1 Refine#1" [stack: 0x000000c57ab00000,0x000000c57ac00000] [id=64776]
  0x000001efb13e9090 ConcurrentGCThread "G1 Refine#2" [stack: 0x000000c57ac00000,0x000000c57ad00000] [id=15772]
  0x000001efb0f524a0 ConcurrentGCThread "G1 Service" [stack: 0x000000c579400000,0x000000c579500000] [id=63424]

Threads with active compile tasks:
C2 CompilerThread0     4891 3973       4       jdk.internal.org.objectweb.asm.Frame::execute (2305 bytes)
C1 CompilerThread0     4891 4075   !   3       groovy.lang.MetaClassImpl::doInvokeMethod (873 bytes)
C2 CompilerThread1     4891 3839       4       groovyjarjarantlr4.v4.runtime.atn.PredictionContext::join (569 bytes)

VM state: not at safepoint (normal execution)

VM Mutex/Monitor currently owned by a thread: None

Heap address: 0x0000000083200000, size: 1998 MB, Compressed Oops mode: 32-bit

CDS archive(s) mapped at: [0x000001efb2000000-0x000001efb2bd0000-0x000001efb2bd0000), size 12386304, SharedBaseAddress: 0x000001efb2000000, ArchiveRelocationMode: 1.
Compressed class space mapped at: 0x000001efb3000000-0x000001eff3000000, reserved size: 1073741824
Narrow klass base: 0x000001efb2000000, Narrow klass shift: 0, Narrow klass range: 0x100000000

GC Precious Log:
 CPUs: 8 total, 8 available
 Memory: 7991M
 Large Page Support: Disabled
 NUMA Support: Disabled
 Compressed Oops: Enabled (32-bit)
 Heap Region Size: 1M
 Heap Min Capacity: 8M
 Heap Initial Capacity: 126M
 Heap Max Capacity: 1998M
 Pre-touch: Disabled
 Parallel Workers: 8
 Concurrent Workers: 2
 Concurrent Refinement Workers: 8
 Periodic GC: Disabled

Heap:
 garbage-first heap   total 174080K, used 32771K [0x0000000083200000, 0x0000000100000000)
  region size 1024K, 13 young (13312K), 3 survivors (3072K)
 Metaspace       used 34177K, committed 34880K, reserved 1114112K
  class space    used 4353K, committed 4672K, reserved 1048576K

Heap Regions: E=young(eden), S=young(survivor), O=old, HS=humongous(starts), HC=humongous(continues), CS=collection set, F=free, OA=open archive, CA=closed archive, TAMS=top-at-mark-start (previous, next)
|   0|0x0000000083200000, 0x0000000083300000, 0x0000000083300000|100%| O|  |TAMS 0x0000000083300000, 0x0000000083200000| Untracked 
|   1|0x0000000083300000, 0x0000000083400000, 0x0000000083400000|100%| O|  |TAMS 0x0000000083400000, 0x0000000083300000| Untracked 
|   2|0x0000000083400000, 0x0000000083500000, 0x0000000083500000|100%| O|  |TAMS 0x0000000083500000, 0x0000000083400000| Untracked 
|   3|0x0000000083500000, 0x0000000083600000, 0x0000000083600000|100%| O|  |TAMS 0x0000000083600000, 0x0000000083500000| Untracked 
|   4|0x0000000083600000, 0x0000000083700000, 0x0000000083700000|100%| O|  |TAMS 0x0000000083700000, 0x0000000083600000| Untracked 
|   5|0x0000000083700000, 0x0000000083800000, 0x0000000083800000|100%| O|  |TAMS 0x0000000083800000, 0x0000000083700000| Untracked 
|   6|0x0000000083800000, 0x0000000083900000, 0x0000000083900000|100%| O|  |TAMS 0x0000000083900000, 0x0000000083800000| Untracked 
|   7|0x0000000083900000, 0x0000000083a00000, 0x0000000083a00000|100%| O|  |TAMS 0x0000000083a00000, 0x0000000083900000| Untracked 
|   8|0x0000000083a00000, 0x0000000083b00000, 0x0000000083b00000|100%| O|  |TAMS 0x0000000083b00000, 0x0000000083a00000| Untracked 
|   9|0x0000000083b00000, 0x0000000083b00000, 0x0000000083c00000|  0%| F|  |TAMS 0x0000000083b00000, 0x0000000083b00000| Untracked 
|  10|0x0000000083c00000, 0x0000000083d00000, 0x0000000083d00000|100%| O|  |TAMS 0x0000000083c00000, 0x0000000083c00000| Untracked 
|  11|0x0000000083d00000, 0x0000000083e00000, 0x0000000083e00000|100%| O|  |TAMS 0x0000000083d00000, 0x0000000083d00000| Untracked 
|  12|0x0000000083e00000, 0x0000000083f00000, 0x0000000083f00000|100%| O|  |TAMS 0x0000000083e00000, 0x0000000083e00000| Untracked 
|  13|0x0000000083f00000, 0x0000000084000000, 0x0000000084000000|100%| O|  |TAMS 0x0000000083f00000, 0x0000000083f00000| Untracked 
|  14|0x0000000084000000, 0x0000000084100000, 0x0000000084100000|100%| O|  |TAMS 0x0000000084000000, 0x0000000084000000| Untracked 
|  15|0x0000000084100000, 0x0000000084200000, 0x0000000084200000|100%| O|  |TAMS 0x0000000084100000, 0x0000000084100000| Untracked 
|  16|0x0000000084200000, 0x0000000084300000, 0x0000000084300000|100%| O|  |TAMS 0x0000000084200000, 0x0000000084200000| Untracked 
|  17|0x0000000084300000, 0x0000000084400000, 0x0000000084400000|100%| O|  |TAMS 0x0000000084300000, 0x0000000084300000| Untracked 
|  18|0x0000000084400000, 0x0000000084500000, 0x0000000084500000|100%| O|  |TAMS 0x0000000084400000, 0x0000000084400000| Untracked 
|  19|0x0000000084500000, 0x0000000084600000, 0x0000000084600000|100%| O|  |TAMS 0x0000000084500000, 0x0000000084500000| Untracked 
|  20|0x0000000084600000, 0x0000000084700000, 0x0000000084700000|100%| O|  |TAMS 0x0000000084600000, 0x0000000084600000| Untracked 
|  21|0x0000000084700000, 0x000000008477d000, 0x0000000084800000| 48%| O|  |TAMS 0x0000000084700000, 0x0000000084700000| Untracked 
|  22|0x0000000084800000, 0x0000000084800000, 0x0000000084900000|  0%| F|  |TAMS 0x0000000084800000, 0x0000000084800000| Untracked 
|  23|0x0000000084900000, 0x0000000084900000, 0x0000000084a00000|  0%| F|  |TAMS 0x0000000084900000, 0x0000000084900000| Untracked 
|  24|0x0000000084a00000, 0x0000000084a00000, 0x0000000084b00000|  0%| F|  |TAMS 0x0000000084a00000, 0x0000000084a00000| Untracked 
|  25|0x0000000084b00000, 0x0000000084b00000, 0x0000000084c00000|  0%| F|  |TAMS 0x0000000084b00000, 0x0000000084b00000| Untracked 
|  26|0x0000000084c00000, 0x0000000084c00000, 0x0000000084d00000|  0%| F|  |TAMS 0x0000000084c00000, 0x0000000084c00000| Untracked 
|  27|0x0000000084d00000, 0x0000000084d00000, 0x0000000084e00000|  0%| F|  |TAMS 0x0000000084d00000, 0x0000000084d00000| Untracked 
|  28|0x0000000084e00000, 0x0000000084e00000, 0x0000000084f00000|  0%| F|  |TAMS 0x0000000084e00000, 0x0000000084e00000| Untracked 
|  29|0x0000000084f00000, 0x0000000084f00000, 0x0000000085000000|  0%| F|  |TAMS 0x0000000084f00000, 0x0000000084f00000| Untracked 
|  30|0x0000000085000000, 0x0000000085000000, 0x0000000085100000|  0%| F|  |TAMS 0x0000000085000000, 0x0000000085000000| Untracked 
|  31|0x0000000085100000, 0x0000000085100000, 0x0000000085200000|  0%| F|  |TAMS 0x0000000085100000, 0x0000000085100000| Untracked 
|  32|0x0000000085200000, 0x0000000085200000, 0x0000000085300000|  0%| F|  |TAMS 0x0000000085200000, 0x0000000085200000| Untracked 
|  33|0x0000000085300000, 0x0000000085300000, 0x0000000085400000|  0%| F|  |TAMS 0x0000000085300000, 0x0000000085300000| Untracked 
|  34|0x0000000085400000, 0x0000000085400000, 0x0000000085500000|  0%| F|  |TAMS 0x0000000085400000, 0x0000000085400000| Untracked 
|  35|0x0000000085500000, 0x0000000085500000, 0x0000000085600000|  0%| F|  |TAMS 0x0000000085500000, 0x0000000085500000| Untracked 
|  36|0x0000000085600000, 0x0000000085600000, 0x0000000085700000|  0%| F|  |TAMS 0x0000000085600000, 0x0000000085600000| Untracked 
|  37|0x0000000085700000, 0x0000000085700000, 0x0000000085800000|  0%| F|  |TAMS 0x0000000085700000, 0x0000000085700000| Untracked 
|  38|0x0000000085800000, 0x0000000085883e40, 0x0000000085900000| 51%| S|CS|TAMS 0x0000000085800000, 0x0000000085800000| Complete 
|  39|0x0000000085900000, 0x0000000085a00000, 0x0000000085a00000|100%| S|CS|TAMS 0x0000000085900000, 0x0000000085900000| Complete 
|  40|0x0000000085a00000, 0x0000000085b00000, 0x0000000085b00000|100%| S|CS|TAMS 0x0000000085a00000, 0x0000000085a00000| Complete 
|  41|0x0000000085b00000, 0x0000000085b00000, 0x0000000085c00000|  0%| F|  |TAMS 0x0000000085b00000, 0x0000000085b00000| Untracked 
|  42|0x0000000085c00000, 0x0000000085c00000, 0x0000000085d00000|  0%| F|  |TAMS 0x0000000085c00000, 0x0000000085c00000| Untracked 
|  43|0x0000000085d00000, 0x0000000085d00000, 0x0000000085e00000|  0%| F|  |TAMS 0x0000000085d00000, 0x0000000085d00000| Untracked 
|  44|0x0000000085e00000, 0x0000000085e00000, 0x0000000085f00000|  0%| F|  |TAMS 0x0000000085e00000, 0x0000000085e00000| Untracked 
|  45|0x0000000085f00000, 0x0000000085f00000, 0x0000000086000000|  0%| F|  |TAMS 0x0000000085f00000, 0x0000000085f00000| Untracked 
|  46|0x0000000086000000, 0x0000000086000000, 0x0000000086100000|  0%| F|  |TAMS 0x0000000086000000, 0x0000000086000000| Untracked 
|  47|0x0000000086100000, 0x0000000086100000, 0x0000000086200000|  0%| F|  |TAMS 0x0000000086100000, 0x0000000086100000| Untracked 
|  48|0x0000000086200000, 0x0000000086200000, 0x0000000086300000|  0%| F|  |TAMS 0x0000000086200000, 0x0000000086200000| Untracked 
|  49|0x0000000086300000, 0x0000000086300000, 0x0000000086400000|  0%| F|  |TAMS 0x0000000086300000, 0x0000000086300000| Untracked 
|  50|0x0000000086400000, 0x0000000086400000, 0x0000000086500000|  0%| F|  |TAMS 0x0000000086400000, 0x0000000086400000| Untracked 
|  51|0x0000000086500000, 0x0000000086500000, 0x0000000086600000|  0%| F|  |TAMS 0x0000000086500000, 0x0000000086500000| Untracked 
|  52|0x0000000086600000, 0x0000000086600000, 0x0000000086700000|  0%| F|  |TAMS 0x0000000086600000, 0x0000000086600000| Untracked 
|  53|0x0000000086700000, 0x0000000086700000, 0x0000000086800000|  0%| F|  |TAMS 0x0000000086700000, 0x0000000086700000| Untracked 
|  54|0x0000000086800000, 0x0000000086800000, 0x0000000086900000|  0%| F|  |TAMS 0x0000000086800000, 0x0000000086800000| Untracked 
|  55|0x0000000086900000, 0x0000000086900000, 0x0000000086a00000|  0%| F|  |TAMS 0x0000000086900000, 0x0000000086900000| Untracked 
|  56|0x0000000086a00000, 0x0000000086a00000, 0x0000000086b00000|  0%| F|  |TAMS 0x0000000086a00000, 0x0000000086a00000| Untracked 
|  57|0x0000000086b00000, 0x0000000086b00000, 0x0000000086c00000|  0%| F|  |TAMS 0x0000000086b00000, 0x0000000086b00000| Untracked 
|  58|0x0000000086c00000, 0x0000000086c00000, 0x0000000086d00000|  0%| F|  |TAMS 0x0000000086c00000, 0x0000000086c00000| Untracked 
|  59|0x0000000086d00000, 0x0000000086d00000, 0x0000000086e00000|  0%| F|  |TAMS 0x0000000086d00000, 0x0000000086d00000| Untracked 
|  60|0x0000000086e00000, 0x0000000086e00000, 0x0000000086f00000|  0%| F|  |TAMS 0x0000000086e00000, 0x0000000086e00000| Untracked 
|  61|0x0000000086f00000, 0x0000000086f00000, 0x0000000087000000|  0%| F|  |TAMS 0x0000000086f00000, 0x0000000086f00000| Untracked 
|  62|0x0000000087000000, 0x0000000087000000, 0x0000000087100000|  0%| F|  |TAMS 0x0000000087000000, 0x0000000087000000| Untracked 
|  63|0x0000000087100000, 0x0000000087100000, 0x0000000087200000|  0%| F|  |TAMS 0x0000000087100000, 0x0000000087100000| Untracked 
|  64|0x0000000087200000, 0x0000000087200000, 0x0000000087300000|  0%| F|  |TAMS 0x0000000087200000, 0x0000000087200000| Untracked 
|  65|0x0000000087300000, 0x0000000087300000, 0x0000000087400000|  0%| F|  |TAMS 0x0000000087300000, 0x0000000087300000| Untracked 
|  66|0x0000000087400000, 0x0000000087400000, 0x0000000087500000|  0%| F|  |TAMS 0x0000000087400000, 0x0000000087400000| Untracked 
|  67|0x0000000087500000, 0x0000000087500000, 0x0000000087600000|  0%| F|  |TAMS 0x0000000087500000, 0x0000000087500000| Untracked 
|  68|0x0000000087600000, 0x0000000087600000, 0x0000000087700000|  0%| F|  |TAMS 0x0000000087600000, 0x0000000087600000| Untracked 
|  69|0x0000000087700000, 0x0000000087700000, 0x0000000087800000|  0%| F|  |TAMS 0x0000000087700000, 0x0000000087700000| Untracked 
|  70|0x0000000087800000, 0x0000000087800000, 0x0000000087900000|  0%| F|  |TAMS 0x0000000087800000, 0x0000000087800000| Untracked 
|  71|0x0000000087900000, 0x0000000087900000, 0x0000000087a00000|  0%| F|  |TAMS 0x0000000087900000, 0x0000000087900000| Untracked 
|  72|0x0000000087a00000, 0x0000000087a00000, 0x0000000087b00000|  0%| F|  |TAMS 0x0000000087a00000, 0x0000000087a00000| Untracked 
|  73|0x0000000087b00000, 0x0000000087b00000, 0x0000000087c00000|  0%| F|  |TAMS 0x0000000087b00000, 0x0000000087b00000| Untracked 
|  74|0x0000000087c00000, 0x0000000087c00000, 0x0000000087d00000|  0%| F|  |TAMS 0x0000000087c00000, 0x0000000087c00000| Untracked 
|  75|0x0000000087d00000, 0x0000000087d00000, 0x0000000087e00000|  0%| F|  |TAMS 0x0000000087d00000, 0x0000000087d00000| Untracked 
|  76|0x0000000087e00000, 0x0000000087e00000, 0x0000000087f00000|  0%| F|  |TAMS 0x0000000087e00000, 0x0000000087e00000| Untracked 
|  77|0x0000000087f00000, 0x0000000087f00000, 0x0000000088000000|  0%| F|  |TAMS 0x0000000087f00000, 0x0000000087f00000| Untracked 
|  78|0x0000000088000000, 0x0000000088000000, 0x0000000088100000|  0%| F|  |TAMS 0x0000000088000000, 0x0000000088000000| Untracked 
|  79|0x0000000088100000, 0x0000000088100000, 0x0000000088200000|  0%| F|  |TAMS 0x0000000088100000, 0x0000000088100000| Untracked 
|  80|0x0000000088200000, 0x0000000088200000, 0x0000000088300000|  0%| F|  |TAMS 0x0000000088200000, 0x0000000088200000| Untracked 
|  81|0x0000000088300000, 0x0000000088300000, 0x0000000088400000|  0%| F|  |TAMS 0x0000000088300000, 0x0000000088300000| Untracked 
|  82|0x0000000088400000, 0x0000000088400000, 0x0000000088500000|  0%| F|  |TAMS 0x0000000088400000, 0x0000000088400000| Untracked 
|  83|0x0000000088500000, 0x0000000088500000, 0x0000000088600000|  0%| F|  |TAMS 0x0000000088500000, 0x0000000088500000| Untracked 
|  84|0x0000000088600000, 0x0000000088600000, 0x0000000088700000|  0%| F|  |TAMS 0x0000000088600000, 0x0000000088600000| Untracked 
|  85|0x0000000088700000, 0x0000000088700000, 0x0000000088800000|  0%| F|  |TAMS 0x0000000088700000, 0x0000000088700000| Untracked 
|  86|0x0000000088800000, 0x0000000088800000, 0x0000000088900000|  0%| F|  |TAMS 0x0000000088800000, 0x0000000088800000| Untracked 
|  87|0x0000000088900000, 0x0000000088900000, 0x0000000088a00000|  0%| F|  |TAMS 0x0000000088900000, 0x0000000088900000| Untracked 
|  88|0x0000000088a00000, 0x0000000088a00000, 0x0000000088b00000|  0%| F|  |TAMS 0x0000000088a00000, 0x0000000088a00000| Untracked 
|  89|0x0000000088b00000, 0x0000000088b00000, 0x0000000088c00000|  0%| F|  |TAMS 0x0000000088b00000, 0x0000000088b00000| Untracked 
|  90|0x0000000088c00000, 0x0000000088c00000, 0x0000000088d00000|  0%| F|  |TAMS 0x0000000088c00000, 0x0000000088c00000| Untracked 
|  91|0x0000000088d00000, 0x0000000088d00000, 0x0000000088e00000|  0%| F|  |TAMS 0x0000000088d00000, 0x0000000088d00000| Untracked 
|  92|0x0000000088e00000, 0x0000000088e00000, 0x0000000088f00000|  0%| F|  |TAMS 0x0000000088e00000, 0x0000000088e00000| Untracked 
|  93|0x0000000088f00000, 0x0000000088f00000, 0x0000000089000000|  0%| F|  |TAMS 0x0000000088f00000, 0x0000000088f00000| Untracked 
|  94|0x0000000089000000, 0x0000000089000000, 0x0000000089100000|  0%| F|  |TAMS 0x0000000089000000, 0x0000000089000000| Untracked 
|  95|0x0000000089100000, 0x0000000089100000, 0x0000000089200000|  0%| F|  |TAMS 0x0000000089100000, 0x0000000089100000| Untracked 
|  96|0x0000000089200000, 0x0000000089200000, 0x0000000089300000|  0%| F|  |TAMS 0x0000000089200000, 0x0000000089200000| Untracked 
|  97|0x0000000089300000, 0x0000000089300000, 0x0000000089400000|  0%| F|  |TAMS 0x0000000089300000, 0x0000000089300000| Untracked 
|  98|0x0000000089400000, 0x0000000089400000, 0x0000000089500000|  0%| F|  |TAMS 0x0000000089400000, 0x0000000089400000| Untracked 
|  99|0x0000000089500000, 0x0000000089500000, 0x0000000089600000|  0%| F|  |TAMS 0x0000000089500000, 0x0000000089500000| Untracked 
| 100|0x0000000089600000, 0x0000000089600000, 0x0000000089700000|  0%| F|  |TAMS 0x0000000089600000, 0x0000000089600000| Untracked 
| 101|0x0000000089700000, 0x0000000089700000, 0x0000000089800000|  0%| F|  |TAMS 0x0000000089700000, 0x0000000089700000| Untracked 
| 102|0x0000000089800000, 0x0000000089800000, 0x0000000089900000|  0%| F|  |TAMS 0x0000000089800000, 0x0000000089800000| Untracked 
| 103|0x0000000089900000, 0x0000000089900000, 0x0000000089a00000|  0%| F|  |TAMS 0x0000000089900000, 0x0000000089900000| Untracked 
| 104|0x0000000089a00000, 0x0000000089a00000, 0x0000000089b00000|  0%| F|  |TAMS 0x0000000089a00000, 0x0000000089a00000| Untracked 
| 105|0x0000000089b00000, 0x0000000089b00000, 0x0000000089c00000|  0%| F|  |TAMS 0x0000000089b00000, 0x0000000089b00000| Untracked 
| 106|0x0000000089c00000, 0x0000000089c00000, 0x0000000089d00000|  0%| F|  |TAMS 0x0000000089c00000, 0x0000000089c00000| Untracked 
| 107|0x0000000089d00000, 0x0000000089d00000, 0x0000000089e00000|  0%| F|  |TAMS 0x0000000089d00000, 0x0000000089d00000| Untracked 
| 108|0x0000000089e00000, 0x0000000089e00000, 0x0000000089f00000|  0%| F|  |TAMS 0x0000000089e00000, 0x0000000089e00000| Untracked 
| 109|0x0000000089f00000, 0x0000000089f00000, 0x000000008a000000|  0%| F|  |TAMS 0x0000000089f00000, 0x0000000089f00000| Untracked 
| 110|0x000000008a000000, 0x000000008a000000, 0x000000008a100000|  0%| F|  |TAMS 0x000000008a000000, 0x000000008a000000| Untracked 
| 111|0x000000008a100000, 0x000000008a100000, 0x000000008a200000|  0%| F|  |TAMS 0x000000008a100000, 0x000000008a100000| Untracked 
| 112|0x000000008a200000, 0x000000008a200000, 0x000000008a300000|  0%| F|  |TAMS 0x000000008a200000, 0x000000008a200000| Untracked 
| 113|0x000000008a300000, 0x000000008a300000, 0x000000008a400000|  0%| F|  |TAMS 0x000000008a300000, 0x000000008a300000| Untracked 
| 114|0x000000008a400000, 0x000000008a400000, 0x000000008a500000|  0%| F|  |TAMS 0x000000008a400000, 0x000000008a400000| Untracked 
| 115|0x000000008a500000, 0x000000008a500000, 0x000000008a600000|  0%| F|  |TAMS 0x000000008a500000, 0x000000008a500000| Untracked 
| 116|0x000000008a600000, 0x000000008a600000, 0x000000008a700000|  0%| F|  |TAMS 0x000000008a600000, 0x000000008a600000| Untracked 
| 117|0x000000008a700000, 0x000000008a700000, 0x000000008a800000|  0%| F|  |TAMS 0x000000008a700000, 0x000000008a700000| Untracked 
| 118|0x000000008a800000, 0x000000008a800000, 0x000000008a900000|  0%| F|  |TAMS 0x000000008a800000, 0x000000008a800000| Untracked 
| 119|0x000000008a900000, 0x000000008a900000, 0x000000008aa00000|  0%| F|  |TAMS 0x000000008a900000, 0x000000008a900000| Untracked 
| 120|0x000000008aa00000, 0x000000008aa00000, 0x000000008ab00000|  0%| F|  |TAMS 0x000000008aa00000, 0x000000008aa00000| Untracked 
| 121|0x000000008ab00000, 0x000000008ab00000, 0x000000008ac00000|  0%| F|  |TAMS 0x000000008ab00000, 0x000000008ab00000| Untracked 
| 122|0x000000008ac00000, 0x000000008ac00000, 0x000000008ad00000|  0%| F|  |TAMS 0x000000008ac00000, 0x000000008ac00000| Untracked 
| 123|0x000000008ad00000, 0x000000008ad00000, 0x000000008ae00000|  0%| F|  |TAMS 0x000000008ad00000, 0x000000008ad00000| Untracked 
| 124|0x000000008ae00000, 0x000000008ae00000, 0x000000008af00000|  0%| F|  |TAMS 0x000000008ae00000, 0x000000008ae00000| Untracked 
| 125|0x000000008af00000, 0x000000008af00000, 0x000000008b000000|  0%| F|  |TAMS 0x000000008af00000, 0x000000008af00000| Untracked 
| 126|0x000000008b000000, 0x000000008b000000, 0x000000008b100000|  0%| F|  |TAMS 0x000000008b000000, 0x000000008b000000| Untracked 
| 127|0x000000008b100000, 0x000000008b100000, 0x000000008b200000|  0%| F|  |TAMS 0x000000008b100000, 0x000000008b100000| Untracked 
| 128|0x000000008b200000, 0x000000008b200000, 0x000000008b300000|  0%| F|  |TAMS 0x000000008b200000, 0x000000008b200000| Untracked 
| 129|0x000000008b300000, 0x000000008b300000, 0x000000008b400000|  0%| F|  |TAMS 0x000000008b300000, 0x000000008b300000| Untracked 
| 130|0x000000008b400000, 0x000000008b400000, 0x000000008b500000|  0%| F|  |TAMS 0x000000008b400000, 0x000000008b400000| Untracked 
| 131|0x000000008b500000, 0x000000008b500000, 0x000000008b600000|  0%| F|  |TAMS 0x000000008b500000, 0x000000008b500000| Untracked 
| 132|0x000000008b600000, 0x000000008b600000, 0x000000008b700000|  0%| F|  |TAMS 0x000000008b600000, 0x000000008b600000| Untracked 
| 133|0x000000008b700000, 0x000000008b700000, 0x000000008b800000|  0%| F|  |TAMS 0x000000008b700000, 0x000000008b700000| Untracked 
| 134|0x000000008b800000, 0x000000008b800000, 0x000000008b900000|  0%| F|  |TAMS 0x000000008b800000, 0x000000008b800000| Untracked 
| 135|0x000000008b900000, 0x000000008b900000, 0x000000008ba00000|  0%| F|  |TAMS 0x000000008b900000, 0x000000008b900000| Untracked 
| 136|0x000000008ba00000, 0x000000008ba00000, 0x000000008bb00000|  0%| F|  |TAMS 0x000000008ba00000, 0x000000008ba00000| Untracked 
| 137|0x000000008bb00000, 0x000000008bb00000, 0x000000008bc00000|  0%| F|  |TAMS 0x000000008bb00000, 0x000000008bb00000| Untracked 
| 138|0x000000008bc00000, 0x000000008bc00000, 0x000000008bd00000|  0%| F|  |TAMS 0x000000008bc00000, 0x000000008bc00000| Untracked 
| 139|0x000000008bd00000, 0x000000008bd00000, 0x000000008be00000|  0%| F|  |TAMS 0x000000008bd00000, 0x000000008bd00000| Untracked 
| 140|0x000000008be00000, 0x000000008be00000, 0x000000008bf00000|  0%| F|  |TAMS 0x000000008be00000, 0x000000008be00000| Untracked 
| 141|0x000000008bf00000, 0x000000008bf00000, 0x000000008c000000|  0%| F|  |TAMS 0x000000008bf00000, 0x000000008bf00000| Untracked 
| 142|0x000000008c000000, 0x000000008c000000, 0x000000008c100000|  0%| F|  |TAMS 0x000000008c000000, 0x000000008c000000| Untracked 
| 143|0x000000008c100000, 0x000000008c100000, 0x000000008c200000|  0%| F|  |TAMS 0x000000008c100000, 0x000000008c100000| Untracked 
| 144|0x000000008c200000, 0x000000008c200000, 0x000000008c300000|  0%| F|  |TAMS 0x000000008c200000, 0x000000008c200000| Untracked 
| 145|0x000000008c300000, 0x000000008c300000, 0x000000008c400000|  0%| F|  |TAMS 0x000000008c300000, 0x000000008c300000| Untracked 
| 146|0x000000008c400000, 0x000000008c400000, 0x000000008c500000|  0%| F|  |TAMS 0x000000008c400000, 0x000000008c400000| Untracked 
| 147|0x000000008c500000, 0x000000008c500000, 0x000000008c600000|  0%| F|  |TAMS 0x000000008c500000, 0x000000008c500000| Untracked 
| 148|0x000000008c600000, 0x000000008c600000, 0x000000008c700000|  0%| F|  |TAMS 0x000000008c600000, 0x000000008c600000| Untracked 
| 149|0x000000008c700000, 0x000000008c700000, 0x000000008c800000|  0%| F|  |TAMS 0x000000008c700000, 0x000000008c700000| Untracked 
| 150|0x000000008c800000, 0x000000008c800000, 0x000000008c900000|  0%| F|  |TAMS 0x000000008c800000, 0x000000008c800000| Untracked 
| 151|0x000000008c900000, 0x000000008c900000, 0x000000008ca00000|  0%| F|  |TAMS 0x000000008c900000, 0x000000008c900000| Untracked 
| 152|0x000000008ca00000, 0x000000008ca00000, 0x000000008cb00000|  0%| F|  |TAMS 0x000000008ca00000, 0x000000008ca00000| Untracked 
| 153|0x000000008cb00000, 0x000000008cb00000, 0x000000008cc00000|  0%| F|  |TAMS 0x000000008cb00000, 0x000000008cb00000| Untracked 
| 154|0x000000008cc00000, 0x000000008cc00000, 0x000000008cd00000|  0%| F|  |TAMS 0x000000008cc00000, 0x000000008cc00000| Untracked 
| 155|0x000000008cd00000, 0x000000008cd00000, 0x000000008ce00000|  0%| F|  |TAMS 0x000000008cd00000, 0x000000008cd00000| Untracked 
| 156|0x000000008ce00000, 0x000000008ce00000, 0x000000008cf00000|  0%| F|  |TAMS 0x000000008ce00000, 0x000000008ce00000| Untracked 
| 157|0x000000008cf00000, 0x000000008cf00000, 0x000000008d000000|  0%| F|  |TAMS 0x000000008cf00000, 0x000000008cf00000| Untracked 
| 158|0x000000008d000000, 0x000000008d000000, 0x000000008d100000|  0%| F|  |TAMS 0x000000008d000000, 0x000000008d000000| Untracked 
| 159|0x000000008d100000, 0x000000008d100000, 0x000000008d200000|  0%| F|  |TAMS 0x000000008d100000, 0x000000008d100000| Untracked 
| 160|0x000000008d200000, 0x000000008d300000, 0x000000008d300000|100%| E|  |TAMS 0x000000008d200000, 0x000000008d200000| Complete 
| 161|0x000000008d300000, 0x000000008d400000, 0x000000008d400000|100%| E|CS|TAMS 0x000000008d300000, 0x000000008d300000| Complete 
| 162|0x000000008d400000, 0x000000008d500000, 0x000000008d500000|100%| E|CS|TAMS 0x000000008d400000, 0x000000008d400000| Complete 
| 163|0x000000008d500000, 0x000000008d600000, 0x000000008d600000|100%| E|CS|TAMS 0x000000008d500000, 0x000000008d500000| Complete 
| 164|0x000000008d600000, 0x000000008d700000, 0x000000008d700000|100%| E|CS|TAMS 0x000000008d600000, 0x000000008d600000| Complete 
| 165|0x000000008d700000, 0x000000008d800000, 0x000000008d800000|100%| E|CS|TAMS 0x000000008d700000, 0x000000008d700000| Complete 
| 166|0x000000008d800000, 0x000000008d900000, 0x000000008d900000|100%| E|CS|TAMS 0x000000008d800000, 0x000000008d800000| Complete 
| 167|0x000000008d900000, 0x000000008da00000, 0x000000008da00000|100%| E|CS|TAMS 0x000000008d900000, 0x000000008d900000| Complete 
| 168|0x000000008da00000, 0x000000008db00000, 0x000000008db00000|100%| E|CS|TAMS 0x000000008da00000, 0x000000008da00000| Complete 
| 169|0x000000008db00000, 0x000000008dc00000, 0x000000008dc00000|100%| E|CS|TAMS 0x000000008db00000, 0x000000008db00000| Complete 

Card table byte_map: [0x000001efaa040000,0x000001efaa430000] _byte_map_base: 0x000001efa9c27000

Marking Bits (Prev, Next): (CMBitMap*) 0x000001ef930c24c0, (CMBitMap*) 0x000001ef930c2480
 Prev Bits: [0x000001efac760000, 0x000001efae698000)
 Next Bits: [0x000001efaa820000, 0x000001efac758000)

Polling page: 0x000001ef91010000

Metaspace:

Usage:
  Non-class:     29.15 MB used.
      Class:      4.25 MB used.
       Both:     33.40 MB used.

Virtual space:
  Non-class space:       64.00 MB reserved,      29.50 MB ( 46%) committed,  1 nodes.
      Class space:        1.00 GB reserved,       4.56 MB ( <1%) committed,  1 nodes.
             Both:        1.06 GB reserved,      34.06 MB (  3%) committed. 

Chunk freelists:
   Non-Class:  1.88 MB
       Class:  11.47 MB
        Both:  13.35 MB

MaxMetaspaceSize: unlimited
CompressedClassSpaceSize: 1.00 GB
Initial GC threshold: 21.00 MB
Current GC threshold: 35.44 MB
CDS: on
MetaspaceReclaimPolicy: balanced
 - commit_granule_bytes: 65536.
 - commit_granule_words: 8192.
 - virtual_space_node_default_size: 8388608.
 - enlarge_chunks_in_place: 1.
 - new_chunks_are_fully_committed: 0.
 - uncommit_free_chunks: 1.
 - use_allocation_guard: 0.
 - handle_deallocations: 1.


Internal statistics:

num_allocs_failed_limit: 3.
num_arena_births: 528.
num_arena_deaths: 0.
num_vsnodes_births: 2.
num_vsnodes_deaths: 0.
num_space_committed: 545.
num_space_uncommitted: 0.
num_chunks_returned_to_freelist: 3.
num_chunks_taken_from_freelist: 1696.
num_chunk_merges: 0.
num_chunk_splits: 1086.
num_chunks_enlarged: 686.
num_purges: 0.
num_inconsistent_stats: 0.

CodeHeap 'non-profiled nmethods': size=120000Kb used=1963Kb max_used=1963Kb free=118036Kb
 bounds [0x000001efa23e0000, 0x000001efa2650000, 0x000001efa9910000]
CodeHeap 'profiled nmethods': size=120000Kb used=8729Kb max_used=8729Kb free=111270Kb
 bounds [0x000001ef9a910000, 0x000001ef9b1a0000, 0x000001efa1e40000]
CodeHeap 'non-nmethods': size=5760Kb used=2354Kb max_used=2389Kb free=3405Kb
 bounds [0x000001efa1e40000, 0x000001efa20b0000, 0x000001efa23e0000]
 total_blobs=4922 nmethods=4069 adapters=765
 compilation: enabled
              stopped_count=0, restarted_count=0
 full_count=0

Compilation events (20 events):
Event: 4.844 Thread 0x000001efb10bbbd0 nmethod 4024 0x000001ef9b169190 code [0x000001ef9b169360, 0x000001ef9b169768]
Event: 4.844 Thread 0x000001efb10bbbd0 4026       1       java.lang.invoke.InvokerBytecodeGenerator::setClassWriter (6 bytes)
Event: 4.844 Thread 0x000001efb10bbbd0 nmethod 4026 0x000001efa25c9d10 code [0x000001efa25c9ea0, 0x000001efa25c9fb8]
Event: 4.844 Thread 0x000001efb10bbbd0 4028       1       java.lang.Class::getClassData (5 bytes)
Event: 4.844 Thread 0x000001efb10bbbd0 nmethod 4028 0x000001efa25ca010 code [0x000001efa25ca1a0, 0x000001efa25ca278]
Event: 4.844 Thread 0x000001efb10bbbd0 4032       3       java.lang.invoke.MethodHandle::intrinsicName (4 bytes)
Event: 4.844 Thread 0x000001efb10bbbd0 nmethod 4032 0x000001ef9b169910 code [0x000001ef9b169aa0, 0x000001ef9b169bb8]
Event: 4.845 Thread 0x000001efb10bbbd0 4033       3       java.lang.invoke.LambdaFormEditor::getInCache (165 bytes)
Event: 4.846 Thread 0x000001efb10bbbd0 nmethod 4033 0x000001ef9b169c90 code [0x000001ef9b169f00, 0x000001ef9b16ae78]
Event: 4.847 Thread 0x000001efb10bbbd0 4034       3       jdk.internal.org.objectweb.asm.ByteVector::putShort (52 bytes)
Event: 4.848 Thread 0x000001efb10bbbd0 nmethod 4034 0x000001ef9b16b210 code [0x000001ef9b16b3c0, 0x000001ef9b16b5c8]
Event: 4.848 Thread 0x000001efb10bbbd0 4035       3       org.codehaus.groovy.runtime.callsite.CallSiteGenerator::genCallXxxWithArray (15 bytes)
Event: 4.848 Thread 0x000001efb10bbbd0 nmethod 4035 0x000001ef9b16b710 code [0x000001ef9b16b8a0, 0x000001ef9b16b9e8]
Event: 4.848 Thread 0x000001efb10bbbd0 4038       3       groovyjarjarasm.asm.Frame::execute (2318 bytes)
Event: 4.852 Thread 0x000001efb10bbbd0 nmethod 4038 0x000001ef9b16ba90 code [0x000001ef9b16c9c0, 0x000001ef9b173538]
Event: 4.852 Thread 0x000001efb10bbbd0 4043       3       org.codehaus.groovy.reflection.ParameterTypes::getParameterTypes (16 bytes)
Event: 4.852 Thread 0x000001efb10bbbd0 nmethod 4043 0x000001ef9b175190 code [0x000001ef9b175340, 0x000001ef9b1754c8]
Event: 4.852 Thread 0x000001efb10bbbd0 4042       3       java.lang.ClassValue::get (31 bytes)
Event: 4.853 Thread 0x000001efb10bbbd0 nmethod 4042 0x000001ef9b175590 code [0x000001ef9b1757c0, 0x000001ef9b1760f8]
Event: 4.853 Thread 0x000001efb10bbbd0 4037       3       org.codehaus.groovy.runtime.callsite.CallSiteGenerator::writeMethod (605 bytes)

GC Heap History (14 events):
Event: 0.658 GC heap before
{Heap before GC invocations=0 (full 0):
 garbage-first heap   total 129024K, used 22528K [0x0000000083200000, 0x0000000100000000)
  region size 1024K, 23 young (23552K), 0 survivors (0K)
 Metaspace       used 5840K, committed 6016K, reserved 1114112K
  class space    used 761K, committed 832K, reserved 1048576K
}
Event: 0.664 GC heap after
{Heap after GC invocations=1 (full 0):
 garbage-first heap   total 129024K, used 5593K [0x0000000083200000, 0x0000000100000000)
  region size 1024K, 3 young (3072K), 3 survivors (3072K)
 Metaspace       used 5840K, committed 6016K, reserved 1114112K
  class space    used 761K, committed 832K, reserved 1048576K
}
Event: 1.103 GC heap before
{Heap before GC invocations=1 (full 0):
 garbage-first heap   total 129024K, used 31193K [0x0000000083200000, 0x0000000100000000)
  region size 1024K, 26 young (26624K), 3 survivors (3072K)
 Metaspace       used 12046K, committed 12288K, reserved 1114112K
  class space    used 1360K, committed 1472K, reserved 1048576K
}
Event: 1.110 GC heap after
{Heap after GC invocations=2 (full 0):
 garbage-first heap   total 129024K, used 9599K [0x0000000083200000, 0x0000000100000000)
  region size 1024K, 4 young (4096K), 4 survivors (4096K)
 Metaspace       used 12046K, committed 12288K, reserved 1114112K
  class space    used 1360K, committed 1472K, reserved 1048576K
}
Event: 1.552 GC heap before
{Heap before GC invocations=2 (full 0):
 garbage-first heap   total 129024K, used 57727K [0x0000000083200000, 0x0000000100000000)
  region size 1024K, 51 young (52224K), 4 survivors (4096K)
 Metaspace       used 15216K, committed 15616K, reserved 1114112K
  class space    used 1822K, committed 1984K, reserved 1048576K
}
Event: 1.562 GC heap after
{Heap after GC invocations=3 (full 0):
 garbage-first heap   total 129024K, used 16200K [0x0000000083200000, 0x0000000100000000)
  region size 1024K, 7 young (7168K), 7 survivors (7168K)
 Metaspace       used 15216K, committed 15616K, reserved 1114112K
  class space    used 1822K, committed 1984K, reserved 1048576K
}
Event: 2.730 GC heap before
{Heap before GC invocations=3 (full 0):
 garbage-first heap   total 129024K, used 30536K [0x0000000083200000, 0x0000000100000000)
  region size 1024K, 22 young (22528K), 7 survivors (7168K)
 Metaspace       used 21071K, committed 21504K, reserved 1114112K
  class space    used 2559K, committed 2752K, reserved 1048576K
}
Event: 2.740 GC heap after
{Heap after GC invocations=4 (full 0):
 garbage-first heap   total 129024K, used 19089K [0x0000000083200000, 0x0000000100000000)
  region size 1024K, 4 young (4096K), 4 survivors (4096K)
 Metaspace       used 21071K, committed 21504K, reserved 1114112K
  class space    used 2559K, committed 2752K, reserved 1048576K
}
Event: 3.983 GC heap before
{Heap before GC invocations=5 (full 0):
 garbage-first heap   total 68608K, used 52881K [0x0000000083200000, 0x0000000100000000)
  region size 1024K, 38 young (38912K), 4 survivors (4096K)
 Metaspace       used 29060K, committed 29568K, reserved 1114112K
  class space    used 3540K, committed 3776K, reserved 1048576K
}
Event: 3.991 GC heap after
{Heap after GC invocations=6 (full 0):
 garbage-first heap   total 68608K, used 21504K [0x0000000083200000, 0x0000000100000000)
  region size 1024K, 6 young (6144K), 6 survivors (6144K)
 Metaspace       used 29060K, committed 29568K, reserved 1114112K
  class space    used 3540K, committed 3776K, reserved 1048576K
}
Event: 3.994 GC heap before
{Heap before GC invocations=6 (full 0):
 garbage-first heap   total 68608K, used 22528K [0x0000000083200000, 0x0000000100000000)
  region size 1024K, 7 young (7168K), 6 survivors (6144K)
 Metaspace       used 29064K, committed 29568K, reserved 1114112K
  class space    used 3540K, committed 3776K, reserved 1048576K
}
Event: 4.005 GC heap after
{Heap after GC invocations=7 (full 0):
 garbage-first heap   total 68608K, used 22004K [0x0000000083200000, 0x0000000100000000)
  region size 1024K, 1 young (1024K), 1 survivors (1024K)
 Metaspace       used 29064K, committed 29568K, reserved 1114112K
  class space    used 3540K, committed 3776K, reserved 1048576K
}
Event: 4.650 GC heap before
{Heap before GC invocations=7 (full 0):
 garbage-first heap   total 68608K, used 46580K [0x0000000083200000, 0x0000000100000000)
  region size 1024K, 26 young (26624K), 1 survivors (1024K)
 Metaspace       used 32256K, committed 32832K, reserved 1114112K
  class space    used 4106K, committed 4352K, reserved 1048576K
}
Event: 4.657 GC heap after
{Heap after GC invocations=8 (full 0):
 garbage-first heap   total 174080K, used 23555K [0x0000000083200000, 0x0000000100000000)
  region size 1024K, 3 young (3072K), 3 survivors (3072K)
 Metaspace       used 32256K, committed 32832K, reserved 1114112K
  class space    used 4106K, committed 4352K, reserved 1048576K
}

Deoptimization events (20 events):
Event: 4.846 Thread 0x000001ef930687d0 Uncommon trap: trap_request=0xffffff45 fr.pc=0x000001efa24288e8 relative=0x00000000000000e8
Event: 4.846 Thread 0x000001ef930687d0 Uncommon trap: reason=unstable_if action=reinterpret pc=0x000001efa24288e8 method=jdk.internal.org.objectweb.asm.ByteVector.putShort(I)Ljdk/internal/org/objectweb/asm/ByteVector; @ 13 c2
Event: 4.846 Thread 0x000001ef930687d0 DEOPT PACKING pc=0x000001efa24288e8 sp=0x000000c578ff9760
Event: 4.846 Thread 0x000001ef930687d0 DEOPT UNPACKING pc=0x000001efa1e95ba3 sp=0x000000c578ff96e8 mode 2
Event: 4.846 Thread 0x000001ef930687d0 Uncommon trap: trap_request=0xffffffde fr.pc=0x000001efa2563968 relative=0x0000000000000068
Event: 4.846 Thread 0x000001ef930687d0 Uncommon trap: reason=class_check action=maybe_recompile pc=0x000001efa2563968 method=java.util.LinkedHashMap.afterNodeInsertion(Z)V @ 15 c2
Event: 4.846 Thread 0x000001ef930687d0 DEOPT PACKING pc=0x000001efa2563968 sp=0x000000c578ffa3a0
Event: 4.846 Thread 0x000001ef930687d0 DEOPT UNPACKING pc=0x000001efa1e95ba3 sp=0x000000c578ffa318 mode 2
Event: 4.847 Thread 0x000001ef930687d0 Uncommon trap: trap_request=0xffffffde fr.pc=0x000001efa2563968 relative=0x0000000000000068
Event: 4.847 Thread 0x000001ef930687d0 Uncommon trap: reason=class_check action=maybe_recompile pc=0x000001efa2563968 method=java.util.LinkedHashMap.afterNodeInsertion(Z)V @ 15 c2
Event: 4.847 Thread 0x000001ef930687d0 DEOPT PACKING pc=0x000001efa2563968 sp=0x000000c578ffa3a0
Event: 4.847 Thread 0x000001ef930687d0 DEOPT UNPACKING pc=0x000001efa1e95ba3 sp=0x000000c578ffa318 mode 2
Event: 4.850 Thread 0x000001ef930687d0 Uncommon trap: trap_request=0xffffff45 fr.pc=0x000001efa2575f5c relative=0x000000000000013c
Event: 4.850 Thread 0x000001ef930687d0 Uncommon trap: reason=unstable_if action=reinterpret pc=0x000001efa2575f5c method=java.lang.ClassValue.match(Ljava/lang/ClassValue$Entry;)Z @ 12 c2
Event: 4.850 Thread 0x000001ef930687d0 DEOPT PACKING pc=0x000001efa2575f5c sp=0x000000c578ffc360
Event: 4.850 Thread 0x000001ef930687d0 DEOPT UNPACKING pc=0x000001efa1e95ba3 sp=0x000000c578ffc2b0 mode 2
Event: 4.851 Thread 0x000001ef930687d0 Uncommon trap: trap_request=0xffffff45 fr.pc=0x000001efa247ae14 relative=0x00000000000012d4
Event: 4.851 Thread 0x000001ef930687d0 Uncommon trap: reason=unstable_if action=reinterpret pc=0x000001efa247ae14 method=java.lang.ClassValue.match(Ljava/lang/ClassValue$Entry;)Z @ 12 c2
Event: 4.851 Thread 0x000001ef930687d0 DEOPT PACKING pc=0x000001efa247ae14 sp=0x000000c578ffb930
Event: 4.851 Thread 0x000001ef930687d0 DEOPT UNPACKING pc=0x000001efa1e95ba3 sp=0x000000c578ffb758 mode 2

Classes unloaded (0 events):
No events

Classes redefined (0 events):
No events

Internal exceptions (20 events):
Event: 4.806 Thread 0x000001ef930687d0 Exception <a 'java/lang/NoSuchMethodError'{0x000000008d5208e8}: 'java.lang.Object java.lang.invoke.DirectMethodHandle$Holder.invokeSpecial(java.lang.Object, java.lang.Object, java.lang.Object, java.lang.Object, java.lang.Object, java.lang.Object, int)'> (0x000000008d5208e8) 
thrown [s\open\src\hotspot\share\interpreter\linkResolver.cpp, line 759]
Event: 4.807 Thread 0x000001ef930687d0 Exception <a 'java/lang/NoSuchMethodError'{0x000000008d524f90}: 'java.lang.Object java.lang.invoke.DelegatingMethodHandle$Holder.reinvoke_L(java.lang.Object, java.lang.Object, java.lang.Object, java.lang.Object, java.lang.Object, int)'> (0x000000008d524f90) 
thrown [s\open\src\hotspot\share\interpreter\linkResolver.cpp, line 759]
Event: 4.809 Thread 0x000001ef930687d0 Exception <a 'java/lang/NoSuchMethodError'{0x000000008d537e18}: 'java.lang.Object java.lang.invoke.DelegatingMethodHandle$Holder.reinvoke_L(java.lang.Object, java.lang.Object, java.lang.Object, java.lang.Object, int, java.lang.Object, java.lang.Object, java.lang.Object, java.lang.Object, java.lang.Object)'> (0x000000008d537e18) 
thrown [s\open\src\hotspot\share\interpreter\linkResolver.cpp, line 759]
Event: 4.811 Thread 0x000001ef930687d0 Exception <a 'java/lang/NoSuchMethodError'{0x000000008d5566c8}: 'java.lang.Object java.lang.invoke.DirectMethodHandle$Holder.invokeStatic(java.lang.Object, java.lang.Object, java.lang.Object, java.lang.Object, java.lang.Object, java.lang.Object, java.lang.Object, int)'> (0x000000008d5566c8) 
thrown [s\open\src\hotspot\share\interpreter\linkResolver.cpp, line 759]
Event: 4.830 Thread 0x000001ef930687d0 Exception <a 'java/lang/NoSuchMethodError'{0x000000008d42d2f8}: 'int java.lang.invoke.DirectMethodHandle$Holder.invokeStatic(java.lang.Object)'> (0x000000008d42d2f8) 
thrown [s\open\src\hotspot\share\interpreter\linkResolver.cpp, line 759]
Event: 4.830 Thread 0x000001ef930687d0 Exception <a 'java/lang/NoSuchMethodError'{0x000000008d431460}: 'java.lang.Object java.lang.invoke.DirectMethodHandle$Holder.invokeVirtual(java.lang.Object, java.lang.Object, java.lang.Object, java.lang.Object)'> (0x000000008d431460) 
thrown [s\open\src\hotspot\share\interpreter\linkResolver.cpp, line 759]
Event: 4.831 Thread 0x000001ef930687d0 Exception <a 'java/lang/NoSuchMethodError'{0x000000008d4356d0}: 'java.lang.Object java.lang.invoke.DirectMethodHandle$Holder.invokeStaticInit(java.lang.Object, java.lang.Object, java.lang.Object, java.lang.Object, java.lang.Object)'> (0x000000008d4356d0) 
thrown [s\open\src\hotspot\share\interpreter\linkResolver.cpp, line 759]
Event: 4.831 Thread 0x000001ef930687d0 Exception <a 'java/lang/IncompatibleClassChangeError'{0x000000008d439738}: Found class java.lang.Object, but interface was expected> (0x000000008d439738) 
thrown [s\open\src\hotspot\share\interpreter\linkResolver.cpp, line 826]
Event: 4.831 Thread 0x000001ef930687d0 Exception <a 'java/lang/NoSuchMethodError'{0x000000008d43a940}: 'java.lang.Object java.lang.invoke.DirectMethodHandle$Holder.invokeStaticInit(java.lang.Object, java.lang.Object, java.lang.Object, java.lang.Object)'> (0x000000008d43a940) 
thrown [s\open\src\hotspot\share\interpreter\linkResolver.cpp, line 759]
Event: 4.832 Thread 0x000001ef930687d0 Exception <a 'java/lang/NoSuchMethodError'{0x000000008d43f0c0}: 'java.lang.Object java.lang.invoke.DirectMethodHandle$Holder.invokeInterface(java.lang.Object, java.lang.Object, java.lang.Object, java.lang.Object)'> (0x000000008d43f0c0) 
thrown [s\open\src\hotspot\share\interpreter\linkResolver.cpp, line 759]
Event: 4.832 Thread 0x000001ef930687d0 Exception <a 'java/lang/IncompatibleClassChangeError'{0x000000008d443678}: Found class java.lang.Object, but interface was expected> (0x000000008d443678) 
thrown [s\open\src\hotspot\share\interpreter\linkResolver.cpp, line 826]
Event: 4.832 Thread 0x000001ef930687d0 Exception <a 'java/lang/NoSuchMethodError'{0x000000008d444920}: 'java.lang.Object java.lang.invoke.DirectMethodHandle$Holder.invokeStatic(java.lang.Object, java.lang.Object, int, java.lang.Object)'> (0x000000008d444920) 
thrown [s\open\src\hotspot\share\interpreter\linkResolver.cpp, line 759]
Event: 4.833 Thread 0x000001ef930687d0 Exception <a 'java/lang/NoSuchMethodError'{0x000000008d449510}: 'java.lang.Object java.lang.invoke.DirectMethodHandle$Holder.invokeSpecial(java.lang.Object, java.lang.Object, java.lang.Object, int, java.lang.Object)'> (0x000000008d449510) 
thrown [s\open\src\hotspot\share\interpreter\linkResolver.cpp, line 759]
Event: 4.837 Thread 0x000001ef930687d0 Exception <a 'java/lang/NoSuchMethodError'{0x000000008d46e6f8}: 'int java.lang.invoke.DirectMethodHandle$Holder.invokeVirtual(java.lang.Object, java.lang.Object, java.lang.Object)'> (0x000000008d46e6f8) 
thrown [s\open\src\hotspot\share\interpreter\linkResolver.cpp, line 759]
Event: 4.840 Thread 0x000001ef930687d0 Exception <a 'java/lang/NoSuchMethodError'{0x000000008d47de38}: 'int java.lang.invoke.DirectMethodHandle$Holder.invokeSpecial(java.lang.Object, java.lang.Object, java.lang.Object, java.lang.Object)'> (0x000000008d47de38) 
thrown [s\open\src\hotspot\share\interpreter\linkResolver.cpp, line 759]
Event: 4.841 Thread 0x000001ef930687d0 Exception <a 'java/lang/NoSuchMethodError'{0x000000008d48a070}: 'java.lang.Object java.lang.invoke.DirectMethodHandle$Holder.invokeSpecial(java.lang.Object, java.lang.Object, int, java.lang.Object, java.lang.Object)'> (0x000000008d48a070) 
thrown [s\open\src\hotspot\share\interpreter\linkResolver.cpp, line 759]
Event: 4.842 Thread 0x000001ef930687d0 Exception <a 'java/lang/NoSuchMethodError'{0x000000008d48e458}: 'java.lang.Object java.lang.invoke.DelegatingMethodHandle$Holder.delegate(java.lang.Object, int, java.lang.Object, java.lang.Object)'> (0x000000008d48e458) 
thrown [s\open\src\hotspot\share\interpreter\linkResolver.cpp, line 759]
Event: 4.846 Thread 0x000001ef930687d0 Exception <a 'java/lang/NoSuchMethodError'{0x000000008d4b0570}: 'java.lang.Object java.lang.invoke.Invokers$Holder.invokeExact_MT(java.lang.Object, java.lang.Object, java.lang.Object)'> (0x000000008d4b0570) 
thrown [s\open\src\hotspot\share\interpreter\linkResolver.cpp, line 759]
Event: 4.852 Thread 0x000001ef930687d0 Exception <a 'java/lang/ClassNotFoundException'{0x000000008d4e0e20}: java/lang/LongBeanInfo> (0x000000008d4e0e20) 
thrown [s\open\src\hotspot\share\classfile\systemDictionary.cpp, line 256]
Event: 4.852 Thread 0x000001ef930687d0 Exception <a 'java/lang/ClassNotFoundException'{0x000000008d4e2590}: java/lang/LongCustomizer> (0x000000008d4e2590) 
thrown [s\open\src\hotspot\share\classfile\systemDictionary.cpp, line 256]

VM Operations (20 events):
Event: 3.983 Executing VM operation: G1CollectForAllocation
Event: 3.991 Executing VM operation: G1CollectForAllocation done
Event: 3.994 Executing VM operation: G1CollectForAllocation
Event: 4.005 Executing VM operation: G1CollectForAllocation done
Event: 4.011 Executing VM operation: HandshakeAllThreads
Event: 4.011 Executing VM operation: HandshakeAllThreads done
Event: 4.018 Executing VM operation: HandshakeAllThreads
Event: 4.018 Executing VM operation: HandshakeAllThreads done
Event: 4.135 Executing VM operation: HandshakeAllThreads
Event: 4.135 Executing VM operation: HandshakeAllThreads done
Event: 4.600 Executing VM operation: HandshakeAllThreads
Event: 4.600 Executing VM operation: HandshakeAllThreads done
Event: 4.607 Executing VM operation: HandshakeAllThreads
Event: 4.607 Executing VM operation: HandshakeAllThreads done
Event: 4.615 Executing VM operation: ICBufferFull
Event: 4.616 Executing VM operation: ICBufferFull done
Event: 4.619 Executing VM operation: HandshakeAllThreads
Event: 4.619 Executing VM operation: HandshakeAllThreads done
Event: 4.650 Executing VM operation: G1CollectForAllocation
Event: 4.657 Executing VM operation: G1CollectForAllocation done

Events (20 events):
Event: 4.839 loading class java/util/AbstractList$ListItr
Event: 4.839 loading class java/util/AbstractList$ListItr done
Event: 4.842 loading class java/lang/invoke/MethodHandleImpl$Makers
Event: 4.842 loading class java/lang/invoke/MethodHandleImpl$Makers done
Event: 4.842 loading class java/lang/invoke/MethodHandleImpl$Makers$1
Event: 4.842 loading class java/lang/invoke/MethodHandleImpl$Makers$1 done
Event: 4.842 loading class java/lang/invoke/MethodHandleImpl$Makers$2
Event: 4.842 loading class java/lang/invoke/MethodHandleImpl$Makers$2 done
Event: 4.842 loading class java/lang/invoke/MethodHandleImpl$Makers$3
Event: 4.842 loading class java/lang/invoke/MethodHandleImpl$Makers$3 done
Event: 4.843 loading class java/lang/invoke/MethodHandleImpl$CountingWrapper
Event: 4.843 loading class java/lang/invoke/MethodHandleImpl$CountingWrapper done
Event: 4.852 loading class java/lang/LongBeanInfo
Event: 4.852 loading class java/lang/LongBeanInfo done
Event: 4.852 loading class java/lang/LongBeanInfo
Event: 4.852 loading class java/lang/LongBeanInfo done
Event: 4.852 loading class java/lang/LongCustomizer
Event: 4.852 loading class java/lang/LongCustomizer done
Event: 4.852 loading class java/lang/LongCustomizer
Event: 4.852 loading class java/lang/LongCustomizer done


Dynamic libraries:
0x00007ff6950e0000 - 0x00007ff6950f0000 	C:\Program Files\Java\jdk-17\bin\java.exe
0x00007ffac7170000 - 0x00007ffac7368000 	C:\WINDOWS\SYSTEM32\ntdll.dll
0x00007ffac6ac0000 - 0x00007ffac6b82000 	C:\WINDOWS\System32\KERNEL32.DLL
0x00007ffac4e90000 - 0x00007ffac5186000 	C:\WINDOWS\System32\KERNELBASE.dll
0x00007ffac48c0000 - 0x00007ffac49c0000 	C:\WINDOWS\System32\ucrtbase.dll
0x00007ffaaea80000 - 0x00007ffaaea99000 	C:\Program Files\Java\jdk-17\bin\jli.dll
0x00007ffaaea60000 - 0x00007ffaaea7b000 	C:\Program Files\Java\jdk-17\bin\VCRUNTIME140.dll
0x00007ffac60f0000 - 0x00007ffac61a1000 	C:\WINDOWS\System32\ADVAPI32.dll
0x00007ffac6040000 - 0x00007ffac60de000 	C:\WINDOWS\System32\msvcrt.dll
0x00007ffac6a20000 - 0x00007ffac6abf000 	C:\WINDOWS\System32\sechost.dll
0x00007ffac5190000 - 0x00007ffac52b3000 	C:\WINDOWS\System32\RPCRT4.dll
0x00007ffac4e60000 - 0x00007ffac4e87000 	C:\WINDOWS\System32\bcrypt.dll
0x00007ffac6350000 - 0x00007ffac64ed000 	C:\WINDOWS\System32\USER32.dll
0x00007ffac4890000 - 0x00007ffac48b2000 	C:\WINDOWS\System32\win32u.dll
0x00007ffaa8250000 - 0x00007ffaa84ea000 	C:\WINDOWS\WinSxS\amd64_microsoft.windows.common-controls_6595b64144ccf1df_6.0.19041.5915_none_60b4b9d171f9c7c7\COMCTL32.dll
0x00007ffac52e0000 - 0x00007ffac530b000 	C:\WINDOWS\System32\GDI32.dll
0x00007ffac4ca0000 - 0x00007ffac4db9000 	C:\WINDOWS\System32\gdi32full.dll
0x00007ffac4dc0000 - 0x00007ffac4e5d000 	C:\WINDOWS\System32\msvcp_win.dll
0x00007ffabca30000 - 0x00007ffabca3a000 	C:\WINDOWS\SYSTEM32\VERSION.dll
0x00007ffac6580000 - 0x00007ffac65af000 	C:\WINDOWS\System32\IMM32.DLL
0x00007ffabdad0000 - 0x00007ffabdadc000 	C:\Program Files\Java\jdk-17\bin\vcruntime140_1.dll
0x00007ffaa4bd0000 - 0x00007ffaa4c5e000 	C:\Program Files\Java\jdk-17\bin\msvcp140.dll
0x00007ff9dec30000 - 0x00007ff9df80e000 	C:\Program Files\Java\jdk-17\bin\server\jvm.dll
0x00007ffac58c0000 - 0x00007ffac58c8000 	C:\WINDOWS\System32\PSAPI.DLL
0x00007ffab25d0000 - 0x00007ffab25d9000 	C:\WINDOWS\SYSTEM32\WSOCK32.dll
0x00007ffaa6930000 - 0x00007ffaa6957000 	C:\WINDOWS\SYSTEM32\WINMM.dll
0x00007ffac6230000 - 0x00007ffac629b000 	C:\WINDOWS\System32\WS2_32.dll
0x00007ffac26f0000 - 0x00007ffac2702000 	C:\WINDOWS\SYSTEM32\kernel.appcore.dll
0x00007ffabd4e0000 - 0x00007ffabd4ea000 	C:\Program Files\Java\jdk-17\bin\jimage.dll
0x00007ffac2390000 - 0x00007ffac2591000 	C:\WINDOWS\SYSTEM32\DBGHELP.DLL
0x00007ffabb910000 - 0x00007ffabb944000 	C:\WINDOWS\SYSTEM32\dbgcore.DLL
0x00007ffac4800000 - 0x00007ffac4882000 	C:\WINDOWS\System32\bcryptPrimitives.dll
0x00007ffaae8d0000 - 0x00007ffaae8f5000 	C:\Program Files\Java\jdk-17\bin\java.dll
0x00007ffa8ae10000 - 0x00007ffa8aee7000 	C:\Program Files\Java\jdk-17\bin\jsvml.dll
0x00007ffac58d0000 - 0x00007ffac603e000 	C:\WINDOWS\System32\SHELL32.dll
0x00007ffac2880000 - 0x00007ffac3024000 	C:\WINDOWS\SYSTEM32\windows.storage.dll
0x00007ffac6cc0000 - 0x00007ffac7013000 	C:\WINDOWS\System32\combase.dll
0x00007ffac4230000 - 0x00007ffac425b000 	C:\WINDOWS\SYSTEM32\Wldp.dll
0x00007ffac6bf0000 - 0x00007ffac6cbd000 	C:\WINDOWS\System32\OLEAUT32.dll
0x00007ffac62a0000 - 0x00007ffac634d000 	C:\WINDOWS\System32\SHCORE.dll
0x00007ffac5850000 - 0x00007ffac58ab000 	C:\WINDOWS\System32\shlwapi.dll
0x00007ffac4730000 - 0x00007ffac4754000 	C:\WINDOWS\SYSTEM32\profapi.dll
0x00007ffaa4cc0000 - 0x00007ffaa4cd9000 	C:\Program Files\Java\jdk-17\bin\net.dll
0x00007ffabe500000 - 0x00007ffabe60a000 	C:\WINDOWS\SYSTEM32\WINHTTP.dll
0x00007ffac3f90000 - 0x00007ffac3ffa000 	C:\WINDOWS\system32\mswsock.dll
0x00007ffaa4ca0000 - 0x00007ffaa4cb6000 	C:\Program Files\Java\jdk-17\bin\nio.dll
0x00007ffaa4c80000 - 0x00007ffaa4c98000 	C:\Program Files\Java\jdk-17\bin\zip.dll
0x00007ffabc490000 - 0x00007ffabc49a000 	C:\Program Files\Java\jdk-17\bin\management.dll
0x00007ffabc100000 - 0x00007ffabc10b000 	C:\Program Files\Java\jdk-17\bin\management_ext.dll
0x00007ffabc670000 - 0x00007ffabc680000 	C:\Program Files\Java\jdk-17\bin\verify.dll
0x00007ffaaea50000 - 0x00007ffaaea5e000 	C:\Program Files\Java\jdk-17\bin\sunmscapi.dll
0x00007ffac4a10000 - 0x00007ffac4b6d000 	C:\WINDOWS\System32\CRYPT32.dll
0x00007ffac42a0000 - 0x00007ffac42c7000 	C:\WINDOWS\SYSTEM32\ncrypt.dll
0x00007ffac4260000 - 0x00007ffac429b000 	C:\WINDOWS\SYSTEM32\NTASN1.dll
0x00007ffac4190000 - 0x00007ffac41a8000 	C:\WINDOWS\SYSTEM32\CRYPTSP.dll
0x00007ffac3840000 - 0x00007ffac3878000 	C:\WINDOWS\system32\rsaenh.dll
0x00007ffac46f0000 - 0x00007ffac471e000 	C:\WINDOWS\SYSTEM32\USERENV.dll
0x00007ffac4180000 - 0x00007ffac418c000 	C:\WINDOWS\SYSTEM32\CRYPTBASE.dll
0x00007ffac3c20000 - 0x00007ffac3c5b000 	C:\WINDOWS\SYSTEM32\IPHLPAPI.DLL
0x00007ffac58b0000 - 0x00007ffac58b8000 	C:\WINDOWS\System32\NSI.dll
0x00007ffabc300000 - 0x00007ffabc317000 	C:\WINDOWS\SYSTEM32\dhcpcsvc6.DLL
0x00007ffabcae0000 - 0x00007ffabcafd000 	C:\WINDOWS\SYSTEM32\dhcpcsvc.DLL
0x00007ffac3c70000 - 0x00007ffac3d3a000 	C:\WINDOWS\SYSTEM32\DNSAPI.dll
0x00007ffabe440000 - 0x00007ffabe44a000 	C:\Windows\System32\rasadhlp.dll
0x00007ffabaf90000 - 0x00007ffabb010000 	C:\WINDOWS\System32\fwpuclnt.dll

dbghelp: loaded successfully - version: 4.0.5 - missing functions: none
symbol engine: initialized successfully - sym options: 0x614 - pdb path: .;C:\Program Files\Java\jdk-17\bin;C:\WINDOWS\SYSTEM32;C:\WINDOWS\WinSxS\amd64_microsoft.windows.common-controls_6595b64144ccf1df_6.0.19041.5915_none_60b4b9d171f9c7c7;C:\Program Files\Java\jdk-17\bin\server

VM Arguments:
java_command: C:\Users\LENOVO\AppData\Local\Temp\surefire13381367371256123063\surefirebooter-20250718133419186_3.jar C:\Users\LENOVO\AppData\Local\Temp\surefire13381367371256123063 2025-07-18T13-34-18_949-jvmRun1 surefire-20250718133419186_1tmp surefire_0-20250718133419186_2tmp
java_class_path (initial): C:\Users\LENOVO\AppData\Local\Temp\surefire13381367371256123063\surefirebooter-20250718133419186_3.jar
Launcher Type: SUN_STANDARD

[Global flags]
     intx CICompilerCount                          = 4                                         {product} {ergonomic}
     uint ConcGCThreads                            = 2                                         {product} {ergonomic}
     uint G1ConcRefinementThreads                  = 8                                         {product} {ergonomic}
   size_t G1HeapRegionSize                         = 1048576                                   {product} {ergonomic}
    uintx GCDrainStackTargetSize                   = 64                                        {product} {ergonomic}
   size_t InitialHeapSize                          = 132120576                                 {product} {ergonomic}
   size_t MarkStackSize                            = 4194304                                   {product} {ergonomic}
   size_t MaxHeapSize                              = 2095054848                                {product} {ergonomic}
   size_t MaxNewSize                               = 1256194048                                {product} {ergonomic}
   size_t MinHeapDeltaBytes                        = 1048576                                   {product} {ergonomic}
   size_t MinHeapSize                              = 8388608                                   {product} {ergonomic}
    uintx NonNMethodCodeHeapSize                   = 5839372                                {pd product} {ergonomic}
    uintx NonProfiledCodeHeapSize                  = 122909434                              {pd product} {ergonomic}
    uintx ProfiledCodeHeapSize                     = 122909434                              {pd product} {ergonomic}
    uintx ReservedCodeCacheSize                    = 251658240                              {pd product} {ergonomic}
     bool SegmentedCodeCache                       = true                                      {product} {ergonomic}
   size_t SoftMaxHeapSize                          = 2095054848                             {manageable} {ergonomic}
     bool UseCompressedClassPointers               = true                           {product lp64_product} {ergonomic}
     bool UseCompressedOops                        = true                           {product lp64_product} {ergonomic}
     bool UseG1GC                                  = true                                      {product} {ergonomic}
     bool UseLargePagesIndividualAllocation        = false                                  {pd product} {ergonomic}

Logging:
Log output configuration:
 #0: stdout all=warning uptime,level,tags
 #1: stderr all=off uptime,level,tags

Environment Variables:
PATH=C:\Program Files\Common Files\Oracle\Java\javapath;C:\Program Files (x86)\Common Files\Oracle\Java\java8path;C:\Program Files (x86)\Common Files\Oracle\Java\javapath;C:\WINDOWS\system32;C:\WINDOWS;C:\WINDOWS\System32\Wbem;C:\WINDOWS\System32\WindowsPowerShell\v1.0\;C:\WINDOWS\System32\OpenSSH\;C:\ProgramData\chocolatey\bin;C:\Program Files (x86)\Java\jdk-17.0.8\bin;C:\xampp\mysql\bin;C:\xampp\php;C:\Program Files\Microsoft SQL Server\140\Tools\Binn\;C:\Program Files (x86)\OpenSCAP 1.3.0\;C:\Program Files\apache-maven-3.9.7\bin;C:\Python\Scripts;C:\Program Files\Git LFS;C:\Program Files\Git\cmd;C:\Program Files\nodejs\;C:\Program Files\PuTTY\;C:\Python\Scripts;C:\Users\LENOVO\PycharmProjects\robot-project\Webdriver;C:\Users\LENOVO\PycharmProjects\Projet1\Webdriver;C:\Users\LENOVO\AppData\Local\Programs\Python\Python312\Scripts\;C:\Users\LENOVO\AppData\Local\Programs\Python\Python312\;C:\Users\LENOVO\AppData\Local\Microsoft\WindowsApps;C:\Program Files\JetBrains\PyCharm 2023.2.2\bin;;C:\Program Files\JetBrains\IntelliJ IDEA 2023.2.2\bin;;C:\Program Files\JetBrains\PyCharm Community Edition 2025.1.2\bin;;C:\Users\LENOVO\AppData\Local\Programs\Microsoft VS Code\bin;C:\Program Files\PostgreSQL\17\bin;C:\Program Files\PostgreSQL\17\lib;C:\Users\LENOVO\AppData\Roaming\npm;C:\Program Files\JetBrains\IntelliJ IDEA Community Edition 2025.1\bin;;
USERNAME=LENOVO
OS=Windows_NT
PROCESSOR_IDENTIFIER=Intel64 Family 6 Model 140 Stepping 1, GenuineIntel



---------------  S Y S T E M  ---------------

OS:
 Windows 10 , 64 bit Build 19041 (10.0.19041.5915)
OS uptime: 1 days 21:00 hours

CPU: total 8 (initial active 8) (4 cores per cpu, 2 threads per core) family 6 model 140 stepping 1 microcode 0x8a, cx8, cmov, fxsr, ht, mmx, 3dnowpref, sse, sse2, sse3, ssse3, sse4.1, sse4.2, popcnt, lzcnt, tsc, tscinvbit, avx, avx2, aes, erms, clmul, bmi1, bmi2, adx, avx512f, avx512dq, avx512cd, avx512bw, avx512vl, sha, fma, vzeroupper, avx512_vpopcntdq, avx512_vpclmulqdq, avx512_vaes, avx512_vnni, clflush, clflushopt, clwb, avx512_vbmi2, avx512_vbmi

Memory: 4k page, system-wide physical 7991M (317M free)
TotalPageFile size 31989M (AvailPageFile size 2M)
current process WorkingSet (physical memory assigned to process): 211M, peak: 211M
current process commit charge ("private bytes"): 350M, peak: 351M

vm_info: Java HotSpot(TM) 64-Bit Server VM (17.0.8+9-LTS-211) for windows-amd64 JRE (17.0.8+9-LTS-211), built on Jun 14 2023 10:34:31 by "mach5one" with MS VC++ 17.1 (VS2022)

END.
